<?xml version="1.0" encoding="UTF-8"?>
<!-- Generated by org.testng.reporters.JUnitReportReporter -->
<testsuite skipped="0" hostname="cristi" name="MyPackage.TestNGFeaturesIMDB" tests="3" failures="0" timestamp="08 Dec 2018 19:00:39 GMT" time="17.284" errors="0">
  <testcase name="goToMoviesApp" time="12.881" classname="MyPackage.TestNGFeaturesIMDB"/>
  <testcase name="goToMoviesAndTickets" time="0.140" classname="MyPackage.TestNGFeaturesIMDB"/>
  <testcase name="letsGoToShowtime" time="4.263" classname="MyPackage.TestNGFeaturesIMDB"/>
</testsuite> <!-- MyPackage.TestNGFeaturesIMDB -->
