<?xml version="1.0" encoding="UTF-8"?>
<!-- Generated by org.testng.reporters.JUnitReportReporter -->
<testsuite skipped="0" hostname="cristi" name="com.facebook.tests.TestLoginFunction" tests="1" failures="0" timestamp="16 Feb 2019 14:11:24 GMT" time="2.964" errors="0">
  <testcase name="testFaceBookLogin" time="2.964" classname="com.facebook.tests.TestLoginFunction"/>
</testsuite> <!-- com.facebook.tests.TestLoginFunction -->
