<?xml version="1.0" encoding="UTF-8"?>
<!-- Generated by org.testng.reporters.JUnitReportReporter -->
<testsuite skipped="0" hostname="cristi" name="com.facebook.tests.XcellDataProviderEx" tests="5" failures="0" timestamp="13 Feb 2019 19:15:15 GMT" time="4.023" errors="0">
  <testcase name="enterFirstAndLastName" time="1.061" classname="com.facebook.tests.XcellDataProviderEx"/>
  <testcase name="enterFirstAndLastName" time="0.703" classname="com.facebook.tests.XcellDataProviderEx"/>
  <testcase name="enterFirstAndLastName" time="0.876" classname="com.facebook.tests.XcellDataProviderEx"/>
  <testcase name="enterFirstAndLastName" time="0.709" classname="com.facebook.tests.XcellDataProviderEx"/>
  <testcase name="enterFirstAndLastName" time="0.674" classname="com.facebook.tests.XcellDataProviderEx"/>
</testsuite> <!-- com.facebook.tests.XcellDataProviderEx -->
