<?xml version="1.0" encoding="UTF-8"?>
<!-- Generated by org.testng.reporters.JUnitReportReporter -->
<testsuite skipped="0" hostname="cristi" name="MyPackage.FacebookTestWithDataProvider" tests="5" failures="0" timestamp="08 Dec 2018 15:18:38 GMT" time="2.417" errors="0">
  <testcase name="enterFirstAndLastName" time="0.312" classname="MyPackage.FacebookTestWithDataProvider"/>
  <testcase name="enterFirstAndLastName" time="0.958" classname="MyPackage.FacebookTestWithDataProvider"/>
  <testcase name="enterFirstAndLastName" time="0.331" classname="MyPackage.FacebookTestWithDataProvider"/>
  <testcase name="enterFirstAndLastName" time="0.472" classname="MyPackage.FacebookTestWithDataProvider"/>
  <testcase name="enterFirstAndLastName" time="0.344" classname="MyPackage.FacebookTestWithDataProvider"/>
</testsuite> <!-- MyPackage.FacebookTestWithDataProvider -->
