<?xml version="1.0" encoding="UTF-8"?>
<!-- Generated by org.testng.reporters.JUnitReportReporter -->
<testsuite skipped="0" hostname="cristi" name="MyPackage.MyFirstTestNgClassParam" tests="2" failures="0" timestamp="06 Dec 2018 23:20:03 GMT" time="0.215" errors="0">
  <testcase name="enterFirstName" time="0.109" classname="MyPackage.MyFirstTestNgClassParam"/>
  <testcase name="enterLastName" time="0.106" classname="MyPackage.MyFirstTestNgClassParam"/>
</testsuite> <!-- MyPackage.MyFirstTestNgClassParam -->
