<?xml version="1.0" encoding="UTF-8"?>
<!-- Generated by org.testng.reporters.JUnitReportReporter -->
<testsuite skipped="0" hostname="cristi" name="com.facebook.tests.copy" tests="5" failures="0" timestamp="11 Feb 2019 17:39:04 GMT" time="2.076" errors="0">
  <testcase name="enterFirstAndLastName" time="0.320" classname="com.facebook.tests.copy"/>
  <testcase name="enterFirstAndLastName" time="0.580" classname="com.facebook.tests.copy"/>
  <testcase name="enterFirstAndLastName" time="0.317" classname="com.facebook.tests.copy"/>
  <testcase name="enterFirstAndLastName" time="0.452" classname="com.facebook.tests.copy"/>
  <testcase name="enterFirstAndLastName" time="0.407" classname="com.facebook.tests.copy"/>
</testsuite> <!-- com.facebook.tests.copy -->
