<?xml version="1.0" encoding="UTF-8"?>
<!-- Generated by org.testng.reporters.JUnitReportReporter -->
<testsuite skipped="2" hostname="cristi" name="MyPackage.MyFirstTestNGClass" tests="7" failures="0" timestamp="16 Feb 2019 14:13:59 GMT" time="2.283" errors="0">
  <testcase name="enterFirstAndLastName" time="0.827" classname="MyPackage.MyFirstTestNGClass"/>
  <testcase name="enterFirstAndLastName" time="0.495" classname="MyPackage.MyFirstTestNGClass"/>
  <testcase name="enterFirstAndLastName" time="0.334" classname="MyPackage.MyFirstTestNGClass"/>
  <testcase name="enterFirstAndLastName" time="0.308" classname="MyPackage.MyFirstTestNGClass"/>
  <testcase name="enterFirstAndLastName" time="0.319" classname="MyPackage.MyFirstTestNGClass"/>
  <testcase name="enterLastName" classname="MyPackage.MyFirstTestNGClass">
    <skipped/>
  </testcase> <!-- enterLastName -->
  <testcase name="enterFirstName" classname="MyPackage.MyFirstTestNGClass">
    <skipped/>
  </testcase> <!-- enterFirstName -->
</testsuite> <!-- MyPackage.MyFirstTestNGClass -->
