<?xml version="1.0" encoding="UTF-8"?>
<!-- Generated by org.testng.reporters.JUnitReportReporter -->
<testsuite skipped="0" hostname="cristi" name="com.kijiji.tests.TestPets" tests="1" failures="0" timestamp="15 Feb 2019 17:26:24 GMT" time="25.960" errors="0">
  <testcase name="testPetsmodul" time="25.960" classname="com.kijiji.tests.TestPets"/>
</testsuite> <!-- com.kijiji.tests.TestPets -->
