<?xml version="1.0" encoding="UTF-8"?>
<!-- Generated by org.testng.reporters.JUnitReportReporter -->
<testsuite skipped="0" hostname="cristi" name="com.facebook.tests.AlertTestPopUP" tests="1" failures="0" timestamp="15 Feb 2019 18:47:48 GMT" time="23.616" errors="0">
  <testcase name="testAlertPopUp" time="23.616" classname="com.facebook.tests.AlertTestPopUP"/>
</testsuite> <!-- com.facebook.tests.AlertTestPopUP -->
