<?xml version="1.0" encoding="UTF-8"?>
<!-- Generated by org.testng.reporters.JUnitReportReporter -->
<testsuite skipped="0" hostname="cristi" name="MyPackage.TestNGFeatures" tests="3" failures="0" timestamp="20 Feb 2019 21:28:57 GMT" time="11.886" errors="0">
  <testcase name="goToMoviesApp" time="6.970" classname="MyPackage.TestNGFeatures"/>
  <testcase name="goToMoviesAndTickets" time="0.223" classname="MyPackage.TestNGFeatures"/>
  <testcase name="letsGoToShowtime" time="4.693" classname="MyPackage.TestNGFeatures"/>
</testsuite> <!-- MyPackage.TestNGFeatures -->
